\BOOKMARK [1][-]{Doc-Start}{\376\377\004\036\004\037\004\040\004\025\004\024\004\025\004\033\004\025\004\035\004\030\004\057}{}% 1
\BOOKMARK [1][-]{Doc-Start}{\376\377\004\036\004\021\004\036\004\027\004\035\004\020\004\047\004\025\004\035\004\030\004\057\000\040\004\030\000\040\004\041\004\036\004\032\004\040\004\020\004\051\004\025\004\035\004\030\004\057}{}% 2
\BOOKMARK [1][-]{Doc-Start}{\376\377\004\022\004\022\004\025\004\024\004\025\004\035\004\030\004\025}{}% 3
\BOOKMARK [1][-]{section.1}{\376\377\004\020\004\075\004\060\004\073\004\070\004\102\004\070\004\107\004\065\004\101\004\072\004\070\004\071\000\040\004\100\004\060\004\067\004\064\004\065\004\073}{}% 4
\BOOKMARK [2][-]{subsection.1.1}{\376\377\004\044\004\076\004\100\004\074\004\060\004\073\004\070\004\067\004\060\004\106\004\070\004\117\000\040\004\067\004\060\004\064\004\060\004\107\004\070}{section.1}% 5
\BOOKMARK [2][-]{subsection.1.2}{\376\377\004\041\004\077\004\076\004\101\004\076\004\061\004\113\000\040\004\105\004\100\004\060\004\075\004\065\004\075\004\070\004\117\000\040\004\064\004\060\004\075\004\075\004\113\004\105}{section.1}% 6
\BOOKMARK [2][-]{subsection.1.3}{\376\377\004\041\004\070\004\101\004\102\004\065\004\074\004\113\000\040\004\103\004\077\004\100\004\060\004\062\004\073\004\065\004\075\004\070\004\117\000\040\004\061\004\060\004\067\004\060\004\074\004\070\000\040\004\064\004\060\004\075\004\075\004\113\004\105}{section.1}% 7
\BOOKMARK [3][-]{subsubsection.1.3.1}{\376\377\000S\000u\000r\000r\000e\000a\000l\000D\000B}{subsection.1.3}% 8
\BOOKMARK [3][-]{subsubsection.1.3.2}{\376\377\000N\000e\000o\0004\000j}{subsection.1.3}% 9
\BOOKMARK [2][-]{subsection.1.4}{\376\377\004\022\004\113\004\061\004\076\004\100\000\040\004\041\004\043\004\021\004\024\000\040\004\064\004\073\004\117\000\040\004\100\004\065\004\110\004\065\004\075\004\070\004\117\000\040\004\067\004\060\004\064\004\060\004\107\004\070}{section.1}% 10
\BOOKMARK [2][-]{subsection.1.5}{\376\377\004\037\004\100\004\076\004\061\004\073\004\065\004\074\004\113\000\040\004\072\004\115\004\110\004\070\004\100\004\076\004\062\004\060\004\075\004\070\004\117\000\040\004\064\004\060\004\075\004\075\004\113\004\105\000\040\004\070\000\040\004\070\004\105\000\040\004\100\004\065\004\110\004\065\004\075\004\070\004\065}{section.1}% 11
\BOOKMARK [2][-]{subsection.1.6}{\376\377\004\036\004\061\004\067\004\076\004\100\000\040\000i\000n\000-\000m\000e\000m\000o\000r\000y\000\040\000N\000o\000S\000Q\000L\000\040\004\041\004\043\004\021\004\024}{section.1}% 12
\BOOKMARK [3][-]{subsubsection.1.6.1}{\376\377\000T\000a\000r\000a\000n\000t\000o\000o\000l}{subsection.1.6}% 13
\BOOKMARK [3][-]{subsubsection.1.6.2}{\376\377\000R\000e\000d\000i\000s}{subsection.1.6}% 14
\BOOKMARK [2][-]{subsection.1.7}{\376\377\004\022\004\113\004\061\004\076\004\100\000\040\004\041\004\043\004\021\004\024\000\040\004\064\004\073\004\117\000\040\004\072\004\115\004\110\004\070\004\100\004\076\004\062\004\060\004\075\004\070\004\117\000\040\004\064\004\060\004\075\004\075\004\113\004\105}{section.1}% 15
\BOOKMARK [1][-]{section.2}{\376\377\004\032\004\076\004\075\004\101\004\102\004\100\004\103\004\072\004\102\004\076\004\100\004\101\004\072\004\070\004\071\000\040\004\100\004\060\004\067\004\064\004\065\004\073}{}% 16
\BOOKMARK [2][-]{subsection.2.1}{\376\377\004\037\004\100\004\076\004\065\004\072\004\102\004\070\004\100\004\076\004\062\004\060\004\075\004\070\004\065\000\040\004\076\004\102\004\075\004\076\004\110\004\065\004\075\004\070\004\071\000\040\004\101\004\103\004\111\004\075\004\076\004\101\004\102\004\065\004\071}{section.2}% 17
\BOOKMARK [2][-]{subsection.2.2}{\376\377\004\037\004\100\004\076\004\065\004\072\004\102\004\070\004\100\004\076\004\062\004\060\004\075\004\070\004\065\000\040\004\061\004\060\004\067\004\113\000\040\004\064\004\060\004\075\004\075\004\113\004\105\000\040\004\064\004\073\004\117\000\040\004\105\004\100\004\060\004\075\004\065\004\075\004\070\004\117\000\040\004\042\004\065\004\101\004\102\004\076\004\062\000\040\004\042\004\114\004\116\004\100\004\070\004\075\004\063\004\060}{section.2}% 18
\BOOKMARK [2][-]{subsection.2.3}{\376\377\004\037\004\100\004\076\004\065\004\072\004\102\004\070\004\100\004\076\004\062\004\060\004\075\004\070\004\065\000\040\004\061\004\060\004\067\004\113\000\040\004\064\004\060\004\075\004\075\004\113\004\105\000\040\004\072\004\115\004\110\004\070\004\100\004\076\004\062\004\060\004\075\004\070\004\117}{section.2}% 19
\BOOKMARK [1][-]{subsection.2.3}{\376\377\004\041\004\037\004\030\004\041\004\036\004\032\000\040\004\030\004\041\004\037\004\036\004\033\004\054\004\027\004\036\004\022\004\020\004\035\004\035\004\053\004\045\000\040\004\030\004\041\004\042\004\036\004\047\004\035\004\030\004\032\004\036\004\022}{}% 20
